# Error Log

## Format
```
Date: YYYY-MM-DD
Error: Brief description
Type: [Authentication|Database|API|Integration|Performance]
Severity: [Critical|High|Medium|Low]
Status: [Open|In Progress|Resolved]
Solution: How it was resolved or current workaround
Reference: Link to relevant documentation or issue
```

## Current Errors

### 2024-12-24
No errors logged yet. Begin logging when development starts.

## Common Error Patterns

### Authentication
- SAML connection timeouts
- Session persistence issues
- Token validation failures

### Database
- Connection pool exhaustion
- Query performance issues
- Migration conflicts

### API
- Rate limiting hits
- Timeout issues
- Validation failures

### Integration
- Third-party service outages
- Version compatibility issues
- Configuration mismatches

### Performance
- Memory leaks
- High latency
- Resource exhaustion

## Error Resolution Guidelines
1. Document exact error message
2. Identify root cause
3. Test solution thoroughly
4. Update documentation
5. Monitor for recurrence
